2025-10-08 23:36:15,999 | INFO | Database initialized successfully
2025-10-08 23:36:20,701 | INFO | Database initialized successfully
2025-10-08 23:37:00,308 | INFO | Database initialized successfully
2025-10-08 23:37:15,093 | INFO | Database initialized successfully
2025-10-08 23:38:53,327 | INFO | Database initialized successfully
2025-10-08 23:38:56,277 | INFO | Database initialized successfully
2025-10-08 23:39:45,713 | INFO | Database initialized successfully
2025-10-08 23:45:58,488 | INFO | Database initialized successfully
2025-10-08 23:46:14,269 | INFO | Database initialized successfully
2025-10-08 23:50:21,301 | INFO | Database initialized successfully
2025-10-08 23:59:41,099 | INFO | Database initialized successfully
2025-10-09 00:04:54,844 | INFO | Database initialized successfully
2025-10-09 00:08:28,913 | INFO | Database initialized successfully
2025-10-09 00:16:22,057 | INFO | Database initialized successfully
2025-10-09 00:23:41,470 | INFO | Database initialized successfully
2025-10-09 00:24:28,072 | INFO | Database initialized successfully
2025-10-09 00:24:35,491 | INFO | Database initialized successfully
2025-10-09 00:24:40,141 | INFO | Database initialized successfully
2025-10-09 00:25:56,915 | INFO | Database initialized successfully
2025-10-09 00:26:08,593 | INFO | Database initialized successfully
2025-10-09 00:28:58,296 | INFO | Database initialized successfully
2025-10-09 00:33:36,897 | INFO | Database initialized successfully
2025-10-09 00:34:55,656 | INFO | Database initialized successfully
2025-10-09 00:35:11,770 | INFO | Database initialized successfully
2025-10-09 00:49:32,414 | INFO | Database initialized successfully
2025-10-09 01:09:37,046 | INFO | Database initialized successfully
2025-10-09 01:09:51,680 | INFO | Database initialized successfully
2025-10-09 01:10:00,591 | INFO | Database initialized successfully
2025-10-09 01:12:23,899 | INFO | Database initialized successfully
2025-10-09 01:20:52,701 | INFO | Database initialized successfully
2025-10-09 04:05:52,440 | INFO | Database initialized successfully
2025-10-09 04:06:15,695 | INFO | Database initialized successfully
2025-10-09 04:07:04,827 | INFO | Database initialized successfully
2025-10-09 04:07:38,242 | INFO | Database initialized successfully
2025-10-09 04:08:21,056 | INFO | Database initialized successfully
2025-10-09 04:14:12,397 | INFO | Database initialized successfully
2025-10-09 04:15:28,627 | INFO | Database initialized successfully
2025-10-09 04:15:41,389 | INFO | Database initialized successfully
2025-10-09 04:30:51,858 | INFO | Database initialized successfully
2025-10-09 04:40:57,074 | INFO | Database initialized successfully
2025-10-09 08:31:20,739 | INFO | Database initialized successfully
2025-10-09 08:31:20,776 | INFO | CachedQueryService: Fetched 3 tech stack entries with metrics (cached)
2025-10-09 08:36:04,916 | INFO | Database initialized successfully
2025-10-09 08:36:04,948 | INFO | CachedQueryService: Fetched 3 tech stack entries with metrics (cached)
2025-10-09 08:39:45,016 | INFO | Database initialized successfully
2025-10-09 08:39:45,023 | INFO | CachedQueryService: Fetched 3 tech stack entries with metrics (cached)
2025-10-09 08:43:09,890 | INFO | CachedQueryService: Fetched 3 tech stack entries with metrics (cached)
2025-10-09 08:46:50,095 | INFO | Database initialized successfully
2025-10-09 08:46:50,104 | INFO | CachedQueryService: Fetched 3 tech stack entries with metrics (cached)
2025-10-09 08:49:09,578 | INFO | Database initialized successfully
2025-10-09 08:49:09,596 | INFO | CachedQueryService: Fetched 3 tech stack entries with metrics (cached)
2025-10-09 08:52:30,511 | INFO | Database initialized successfully
2025-10-09 08:52:30,516 | INFO | CachedQueryService: Fetched 3 tech stack entries with metrics (cached)
2025-10-09 08:53:58,348 | INFO | Database initialized successfully
2025-10-09 08:53:58,356 | INFO | CachedQueryService: Fetched 3 tech stack entries with metrics (cached)
2025-10-09 08:59:18,350 | INFO | Database initialized successfully
2025-10-09 08:59:18,374 | INFO | CachedQueryService: Fetched 3 tech stack entries with metrics (cached)
2025-10-09 09:06:16,313 | INFO | Database initialized successfully
2025-10-09 09:06:16,351 | INFO | CachedQueryService: Fetched 3 tech stack entries with metrics (cached)
2025-10-09 09:08:01,660 | INFO | Added dropdown: category_name = Languges
2025-10-09 09:08:01,661 | INFO | Manually added dropdown: category_name = Languges
2025-10-09 09:09:26,948 | INFO | CachedQueryService: Fetched 3 tech stack entries with metrics (cached)
2025-10-09 09:10:38,864 | INFO | CachedQueryService: Fetched 3 tech stack entries with metrics (cached)
2025-10-09 09:14:29,539 | INFO | Database initialized successfully
2025-10-09 09:14:29,555 | INFO | CachedQueryService: Fetched 3 tech stack entries with metrics (cached)
2025-10-09 09:22:09,383 | INFO | Database initialized successfully
2025-10-09 09:22:09,388 | INFO | CachedQueryService: Fetched 40 tech stack entries with metrics (cached)
2025-10-09 09:23:46,610 | INFO | Database initialized successfully
2025-10-09 09:23:46,640 | INFO | CachedQueryService: Fetched 40 tech stack entries with metrics (cached)
2025-10-09 09:26:17,179 | INFO | Database initialized successfully
2025-10-09 09:26:17,202 | INFO | CachedQueryService: Fetched 40 tech stack entries with metrics (cached)
2025-10-09 09:27:15,787 | INFO | Database initialized successfully
2025-10-09 12:17:03,357 | INFO | Database initialized successfully
2025-10-09 12:17:03,390 | INFO | CachedQueryService: Fetched 40 tech stack entries with metrics (cached)
2025-10-09 13:43:18,732 | INFO | Database initialized successfully
2025-10-09 13:43:18,757 | INFO | CachedQueryService: Fetched 40 tech stack entries with metrics (cached)
2025-10-09 13:48:17,322 | INFO | Database initialized successfully
2025-10-09 13:48:17,340 | INFO | CachedQueryService: Fetched 40 tech stack entries with metrics (cached)
2025-10-09 13:51:08,695 | INFO | Database initialized successfully
2025-10-09 13:51:08,703 | INFO | CachedQueryService: Fetched 40 tech stack entries with metrics (cached)
2025-10-09 13:51:43,022 | INFO | Database initialized successfully
2025-10-09 13:51:43,050 | INFO | CachedQueryService: Fetched 40 tech stack entries with metrics (cached)
2025-10-09 13:51:49,294 | INFO | Database initialized successfully
2025-10-09 13:52:04,028 | INFO | Database initialized successfully
2025-10-09 13:53:08,729 | INFO | Database initialized successfully
2025-10-09 13:53:08,742 | INFO | CachedQueryService: Fetched 40 tech stack entries with metrics (cached)
2025-10-09 14:30:35,926 | INFO | Database initialized successfully
2025-10-09 14:30:36,130 | INFO | CachedQueryService: Fetched 40 tech stack entries with metrics (cached)
2025-10-09 14:39:54,452 | INFO | CachedQueryService: Fetched 40 tech stack entries with metrics (cached)
2025-10-09 14:51:01,605 | INFO | Database initialized successfully
2025-10-09 14:51:01,611 | INFO | CachedQueryService: Fetched 40 tech stack entries with metrics (cached)
2025-10-09 15:05:09,682 | INFO | Database initialized successfully
2025-10-09 15:05:09,721 | INFO | CachedQueryService: Fetched 40 tech stack entries with metrics (cached)
2025-10-09 19:32:33,756 | INFO | Database initialized successfully
2025-10-09 19:32:33,785 | INFO | CachedQueryService: Fetched 40 tech stack entries with metrics (cached)
2025-10-09 19:35:19,642 | INFO | CachedQueryService: Fetched 40 tech stack entries with metrics (cached)
2025-10-09 19:38:21,367 | INFO | Database initialized successfully
2025-10-09 19:38:21,373 | INFO | CachedQueryService: Fetched 40 tech stack entries with metrics (cached)
2025-10-09 19:41:37,054 | INFO | CachedQueryService: Fetched 40 tech stack entries with metrics (cached)
2025-10-09 19:42:39,059 | INFO | CachedQueryService: Fetched 40 tech stack entries with metrics (cached)
2025-10-09 19:44:23,781 | INFO | CachedQueryService: Fetched 40 tech stack entries with metrics (cached)
2025-10-09 19:45:47,208 | INFO | Database initialized successfully
2025-10-09 19:45:47,236 | INFO | CachedQueryService: Fetched 40 tech stack entries with metrics (cached)
2025-10-09 19:47:16,753 | INFO | Database initialized successfully
2025-10-09 19:47:16,759 | INFO | CachedQueryService: Fetched 40 tech stack entries with metrics (cached)
2025-10-09 19:54:18,523 | INFO | Database initialized successfully
2025-10-09 19:54:18,560 | INFO | CachedQueryService: Fetched 40 tech stack entries with metrics (cached)
2025-10-09 19:54:23,845 | INFO | Database initialized successfully
2025-10-09 19:54:34,793 | INFO | Database initialized successfully
2025-10-09 19:56:41,772 | INFO | Database initialized successfully
2025-10-09 19:56:41,782 | INFO | CachedQueryService: Fetched 40 tech stack entries with metrics (cached)
2025-10-09 19:57:37,032 | INFO | Database initialized successfully
2025-10-09 19:57:37,061 | INFO | CachedQueryService: Fetched 40 tech stack entries with metrics (cached)
2025-10-09 19:57:37,288 | INFO | Database initialized successfully
2025-10-09 19:59:21,592 | INFO | Database initialized successfully
2025-10-09 19:59:21,599 | INFO | CachedQueryService: Fetched 40 tech stack entries with metrics (cached)
2025-10-09 20:01:34,332 | INFO | Database initialized successfully
2025-10-09 20:01:34,352 | INFO | CachedQueryService: Fetched 0 tech stack entries with metrics (cached)
2025-10-09 20:09:11,616 | INFO | Added category: 🧑‍💻 Programming in general
2025-10-09 20:09:11,641 | INFO | Added dropdown: category_name = 🧑‍💻 Programming in general
2025-10-09 20:09:11,641 | INFO | CategorySyncService: Added 🧑‍💻 Programming in general to both tables
2025-10-09 20:09:11,642 | INFO | CachedQueryService: Cache invalidated
2025-10-09 20:09:29,821 | INFO | Added technology: 🐍 — Python in category: 🧑‍💻 Programming in general
2025-10-09 20:09:29,854 | INFO | Added dropdown: technology = 🐍 — Python
2025-10-09 20:09:29,855 | INFO | TechnologySyncService: Added 🐍 — Python to both tech_stack and dropdowns
2025-10-09 20:09:29,856 | INFO | CachedQueryService: Cache invalidated
2025-10-09 20:09:58,264 | INFO | Added category: 🗃️ Database / SQL
2025-10-09 20:09:58,277 | INFO | Added dropdown: category_name = 🗃️ Database / SQL
2025-10-09 20:09:58,277 | INFO | CategorySyncService: Added 🗃️ Database / SQL to both tables
2025-10-09 20:09:58,278 | INFO | CachedQueryService: Cache invalidated
2025-10-09 20:10:06,235 | INFO | Added technology: 🗃️ SQL in category: 🗃️ Database / SQL
2025-10-09 20:10:06,265 | INFO | Added dropdown: technology = 🗃️ SQL
2025-10-09 20:10:06,265 | INFO | TechnologySyncService: Added 🗃️ SQL to both tech_stack and dropdowns
2025-10-09 20:10:06,266 | INFO | CachedQueryService: Cache invalidated
2025-10-09 20:14:47,377 | INFO | Database initialized successfully
2025-10-09 20:14:47,396 | INFO | CachedQueryService: Fetched 2 tech stack entries with metrics (cached)
2025-10-09 20:15:44,192 | INFO | Database initialized successfully
2025-10-09 20:15:52,095 | INFO | CachedQueryService: Fetched 2 tech stack entries with metrics (cached)
2025-10-09 20:16:13,710 | INFO | Added dropdown: work_item = Pandas
2025-10-09 20:16:13,711 | INFO | Manually added dropdown: work_item = Pandas
2025-10-09 20:16:24,198 | INFO | Added dropdown: work_item = Pandas
2025-10-09 20:16:24,199 | INFO | Manually added dropdown: work_item = Pandas
2025-10-09 20:26:15,658 | INFO | Database initialized successfully
2025-10-09 20:26:15,682 | INFO | CachedQueryService: Fetched 2 tech stack entries with metrics (cached)
2025-10-09 20:26:19,236 | INFO | Database initialized successfully
2025-10-09 20:26:33,098 | INFO | Database initialized successfully
2025-10-09 20:44:30,155 | INFO | Database initialized successfully
2025-10-09 20:44:30,160 | INFO | CachedQueryService: Fetched 3 tech stack entries with metrics (cached)
2025-10-09 20:46:03,900 | INFO | CachedQueryService: Fetched 3 tech stack entries with metrics (cached)
2025-10-09 20:48:56,124 | INFO | Database initialized successfully
2025-10-09 20:48:56,129 | INFO | CachedQueryService: Fetched 3 tech stack entries with metrics (cached)
2025-10-09 20:58:17,882 | INFO | Database initialized successfully
2025-10-09 20:58:17,912 | INFO | CachedQueryService: Fetched 3 tech stack entries with metrics (cached)
2025-10-09 20:58:21,551 | INFO | Database initialized successfully
2025-10-09 20:59:05,669 | INFO | Database initialized successfully
2025-10-09 20:59:36,936 | INFO | CachedQueryService: Fetched 3 tech stack entries with metrics (cached)
2025-10-09 22:02:16,578 | INFO | Database initialized successfully
2025-10-09 22:02:16,756 | INFO | CachedQueryService: Fetched 3 tech stack entries with metrics (cached)
2025-10-09 22:03:31,968 | INFO | Database initialized successfully
2025-10-09 22:03:31,976 | INFO | CachedQueryService: Fetched 3 tech stack entries with metrics (cached)
2025-10-09 22:11:34,401 | INFO | Database initialized successfully
2025-10-09 22:11:34,406 | INFO | CachedQueryService: Fetched 3 tech stack entries with metrics (cached)
2025-10-09 23:24:14,308 | INFO | Database initialized successfully
2025-10-09 23:24:14,467 | INFO | CachedQueryService: Fetched 3 tech stack entries with metrics (cached)
2025-10-10 00:49:34,707 | INFO | Database initialized successfully
2025-10-10 00:49:34,715 | INFO | CachedQueryService: Fetched 3 tech stack entries with metrics (cached)
2025-10-10 00:50:00,701 | INFO | Deleted session ID 6
2025-10-10 00:50:00,702 | INFO | CachedQueryService: Cache invalidated
2025-10-10 00:50:03,772 | INFO | Deleted session ID 5
2025-10-10 00:50:03,772 | INFO | CachedQueryService: Cache invalidated
2025-10-10 00:50:06,120 | INFO | Deleted session ID 4
2025-10-10 00:50:06,120 | INFO | CachedQueryService: Cache invalidated
2025-10-10 00:50:08,223 | INFO | Deleted session ID 3
2025-10-10 00:50:08,224 | INFO | CachedQueryService: Cache invalidated
2025-10-10 00:50:11,372 | INFO | Deleted session ID 2
2025-10-10 00:50:11,372 | INFO | CachedQueryService: Cache invalidated
2025-10-10 00:50:13,054 | INFO | CachedQueryService: Fetched 3 tech stack entries with metrics (cached)
2025-10-10 00:51:00,807 | INFO | Deleted technology ID 43
2025-10-10 00:51:00,808 | INFO | Deleted dropdown: technology = FastAPI
2025-10-10 00:51:00,808 | INFO | TechnologySyncService: Deleted FastAPI from both tables
2025-10-10 00:51:05,926 | INFO | Deleted technology ID 42
2025-10-10 00:51:05,929 | INFO | Deleted dropdown: technology = 🗃️ SQL
2025-10-10 00:51:05,929 | INFO | TechnologySyncService: Deleted 🗃️ SQL from both tables
2025-10-10 00:51:10,196 | INFO | Deleted technology ID 41
2025-10-10 00:51:10,196 | INFO | Deleted dropdown: technology = 🐍 — Python
2025-10-10 00:51:10,196 | INFO | TechnologySyncService: Deleted 🐍 — Python from both tables
2025-10-10 00:51:19,068 | INFO | Deleted work item: API Authentication → FastAPI
2025-10-10 00:51:19,068 | INFO | CachedQueryService: Cache invalidated
2025-10-10 00:51:29,522 | INFO | Deleted skill: JWT Implementation → API Authentication
2025-10-10 00:51:29,523 | INFO | CachedQueryService: Cache invalidated
2025-10-10 00:51:44,069 | INFO | Deleted category: ⚙️ Backend Development, moved techs to ❓ Uncategorized
2025-10-10 00:51:44,069 | INFO | Deleted dropdown: category_name = ⚙️ Backend Development
2025-10-10 00:51:44,069 | INFO | CategorySyncService: Deleted ⚙️ Backend Development, migrated 0 techs and 0 sessions
2025-10-10 00:51:44,070 | INFO | CachedQueryService: Cache invalidated
2025-10-10 00:51:48,112 | INFO | Deleted category: 🗃️ Database / SQL, moved techs to ❓ Uncategorized
2025-10-10 00:51:48,113 | INFO | Deleted dropdown: category_name = 🗃️ Database / SQL
2025-10-10 00:51:48,113 | INFO | CategorySyncService: Deleted 🗃️ Database / SQL, migrated 0 techs and 0 sessions
2025-10-10 00:51:48,114 | INFO | CachedQueryService: Cache invalidated
2025-10-10 00:51:51,836 | INFO | Deleted category: 🧑‍💻 Programming in general, moved techs to ❓ Uncategorized
2025-10-10 00:51:51,838 | INFO | Deleted dropdown: category_name = 🧑‍💻 Programming in general
2025-10-10 00:51:51,838 | INFO | CategorySyncService: Deleted 🧑‍💻 Programming in general, migrated 0 techs and 0 sessions
2025-10-10 00:51:51,838 | INFO | CachedQueryService: Cache invalidated
2025-10-10 00:52:08,403 | INFO | Deleted session ID 1
2025-10-10 00:52:08,404 | INFO | CachedQueryService: Cache invalidated
2025-10-10 00:52:21,395 | INFO | Database initialized successfully
2025-10-10 00:52:21,397 | INFO | CachedQueryService: Fetched 0 tech stack entries with metrics (cached)
2025-10-10 00:54:00,187 | INFO | Database initialized successfully
2025-10-10 00:54:00,194 | INFO | CachedQueryService: Fetched 0 tech stack entries with metrics (cached)
